# JRE version: OpenJDK Runtime Environment (8.0_152-b01) (build 1.8.0_152-release-1024-b01)
# Java VM: OpenJDK 64-Bit Server VM (25.152-b01 mixed mode bsd-amd64 compressed oops)
Heap:
 PSYoungGen      total 392704K, used 280313K [0x00000007a0000000, 0x00000007bab80000, 0x00000007c0000000)
  eden space 363008K, 70% used [0x00000007a0000000,0x00000007afa81330,0x00000007b6280000)
  from space 29696K, 80% used [0x00000007b8e80000,0x00000007ba5bd160,0x00000007bab80000)
  to   space 37376K, 0% used [0x00000007b6280000,0x00000007b6280000,0x00000007b8700000)
 ParOldGen       total 89088K, used 73106K [0x0000000760000000, 0x0000000765700000, 0x00000007a0000000)
  object space 89088K, 82% used [0x0000000760000000,0x0000000764764a88,0x0000000765700000)
 Metaspace       used 93466K, capacity 97950K, committed 98176K, reserved 1134592K
  class space    used 11881K, capacity 12893K, committed 12928K, reserved 1048576K
GC Heap History (10 events):
Event: 1586.029 GC heap before
{Heap before GC invocations=21 (full 3):
 PSYoungGen      total 314880K, used 302635K [0x00000007a0000000, 0x00000007b7680000, 0x00000007c0000000)
  eden space 284672K, 100% used [0x00000007a0000000,0x00000007b1600000,0x00000007b1600000)
  from space 30208K, 59% used [0x00000007b1600000,0x00000007b278ac28,0x00000007b3380000)
  to   space 30720K, 0% used [0x00000007b5880000,0x00000007b5880000,0x00000007b7680000)
 ParOldGen       total 89088K, used 73066K [0x0000000760000000, 0x0000000765700000, 0x00000007a0000000)
  object space 89088K, 82% used [0x0000000760000000,0x000000076475aa88,0x0000000765700000)
 Metaspace       used 80048K, capacity 83148K, committed 83200K, reserved 1122304K
  class space    used 10249K, capacity 10985K, committed 11008K, reserved 1048576K
Event: 1586.205 GC heap after
Heap after GC invocations=21 (full 3):
 PSYoungGen      total 288256K, used 15505K [0x00000007a0000000, 0x00000007b6800000, 0x00000007c0000000)
  eden space 272384K, 0% used [0x00000007a0000000,0x00000007a0000000,0x00000007b0a00000)
  from space 15872K, 97% used [0x00000007b5880000,0x00000007b67a4778,0x00000007b6800000)
  to   space 29696K, 0% used [0x00000007b2e00000,0x00000007b2e00000,0x00000007b4b00000)
 ParOldGen       total 89088K, used 73074K [0x0000000760000000, 0x0000000765700000, 0x00000007a0000000)
  object space 89088K, 82% used [0x0000000760000000,0x000000076475ca88,0x0000000765700000)
 Metaspace       used 80048K, capacity 83148K, committed 83200K, reserved 1122304K
  class space    used 10249K, capacity 10985K, committed 11008K, reserved 1048576K
}
Event: 1591.180 GC heap before
{Heap before GC invocations=22 (full 3):
 PSYoungGen      total 288256K, used 286972K [0x00000007a0000000, 0x00000007b6800000, 0x00000007c0000000)
  eden space 272384K, 99% used [0x00000007a0000000,0x00000007b091ac20,0x00000007b0a00000)
  from space 15872K, 97% used [0x00000007b5880000,0x00000007b67a4778,0x00000007b6800000)
  to   space 29696K, 0% used [0x00000007b2e00000,0x00000007b2e00000,0x00000007b4b00000)
 ParOldGen       total 89088K, used 73074K [0x0000000760000000, 0x0000000765700000, 0x00000007a0000000)
  object space 89088K, 82% used [0x0000000760000000,0x000000076475ca88,0x0000000765700000)
 Metaspace       used 81911K, capacity 85186K, committed 85248K, reserved 1124352K
  class space    used 10441K, capacity 11258K, committed 11264K, reserved 1048576K
Event: 1591.359 GC heap after
Heap after GC invocations=22 (full 3):
 PSYoungGen      total 338944K, used 21516K [0x00000007a0000000, 0x00000007b7180000, 0x00000007c0000000)
  eden space 309248K, 0% used [0x00000007a0000000,0x00000007a0000000,0x00000007b2e00000)
  from space 29696K, 72% used [0x00000007b2e00000,0x00000007b4303390,0x00000007b4b00000)
  to   space 31232K, 0% used [0x00000007b5300000,0x00000007b5300000,0x00000007b7180000)
 ParOldGen       total 89088K, used 73082K [0x0000000760000000, 0x0000000765700000, 0x00000007a0000000)
  object space 89088K, 82% used [0x0000000760000000,0x000000076475ea88,0x0000000765700000)
 Metaspace       used 81911K, capacity 85186K, committed 85248K, reserved 1124352K
  class space    used 10441K, capacity 11258K, committed 11264K, reserved 1048576K
}
Event: 1593.443 GC heap before
{Heap before GC invocations=23 (full 3):
 PSYoungGen      total 338944K, used 330764K [0x00000007a0000000, 0x00000007b7180000, 0x00000007c0000000)
  eden space 309248K, 100% used [0x00000007a0000000,0x00000007b2e00000,0x00000007b2e00000)
  from space 29696K, 72% used [0x00000007b2e00000,0x00000007b4303390,0x00000007b4b00000)
  to   space 31232K, 0% used [0x00000007b5300000,0x00000007b5300000,0x00000007b7180000)
 ParOldGen       total 89088K, used 73082K [0x0000000760000000, 0x0000000765700000, 0x00000007a0000000)
  object space 89088K, 82% used [0x0000000760000000,0x000000076475ea88,0x0000000765700000)
 Metaspace       used 82934K, capacity 86334K, committed 86528K, reserved 1124352K
  class space    used 10558K, capacity 11416K, committed 11520K, reserved 1048576K
Event: 1593.505 GC heap after
Heap after GC invocations=23 (full 3):
 PSYoungGen      total 345600K, used 23428K [0x00000007a0000000, 0x00000007ba480000, 0x00000007c0000000)
  eden space 314368K, 0% used [0x00000007a0000000,0x00000007a0000000,0x00000007b3300000)
  from space 31232K, 75% used [0x00000007b5300000,0x00000007b69e1330,0x00000007b7180000)
  to   space 32768K, 0% used [0x00000007b3300000,0x00000007b3300000,0x00000007b5300000)
 ParOldGen       total 89088K, used 73090K [0x0000000760000000, 0x0000000765700000, 0x00000007a0000000)
  object space 89088K, 82% used [0x0000000760000000,0x0000000764760a88,0x0000000765700000)
 Metaspace       used 82934K, capacity 86334K, committed 86528K, reserved 1124352K
  class space    used 10558K, capacity 11416K, committed 11520K, reserved 1048576K
}
Event: 1600.666 GC heap before
{Heap before GC invocations=24 (full 3):
 PSYoungGen      total 345600K, used 337483K [0x00000007a0000000, 0x00000007ba480000, 0x00000007c0000000)
  eden space 314368K, 99% used [0x00000007a0000000,0x00000007b32b1be0,0x00000007b3300000)
  from space 31232K, 75% used [0x00000007b5300000,0x00000007b69e1330,0x00000007b7180000)
  to   space 32768K, 0% used [0x00000007b3300000,0x00000007b3300000,0x00000007b5300000)
 ParOldGen       total 89088K, used 73090K [0x0000000760000000, 0x0000000765700000, 0x00000007a0000000)
  object space 89088K, 82% used [0x0000000760000000,0x0000000764760a88,0x0000000765700000)
 Metaspace       used 92488K, capacity 96830K, committed 97024K, reserved 1134592K
  class space    used 11753K, capacity 12761K, committed 12800K, reserved 1048576K
Event: 1600.799 GC heap after
Heap after GC invocations=24 (full 3):
 PSYoungGen      total 347136K, used 30873K [0x00000007a0000000, 0x00000007bb280000, 0x00000007c0000000)
  eden space 314368K, 0% used [0x00000007a0000000,0x00000007a0000000,0x00000007b3300000)
  from space 32768K, 94% used [0x00000007b3300000,0x00000007b5126590,0x00000007b5300000)
  to   space 36864K, 0% used [0x00000007b8e80000,0x00000007b8e80000,0x00000007bb280000)
 ParOldGen       total 89088K, used 73098K [0x0000000760000000, 0x0000000765700000, 0x00000007a0000000)
  object space 89088K, 82% used [0x0000000760000000,0x0000000764762a88,0x0000000765700000)
 Metaspace       used 92488K, capacity 96830K, committed 97024K, reserved 1134592K
  class space    used 11753K, capacity 12761K, committed 12800K, reserved 1048576K
}
Event: 1783.874 GC heap before
{Heap before GC invocations=25 (full 3):
 PSYoungGen      total 347136K, used 344300K [0x00000007a0000000, 0x00000007bb280000, 0x00000007c0000000)
  eden space 314368K, 99% used [0x00000007a0000000,0x00000007b3214cd8,0x00000007b3300000)
  from space 32768K, 94% used [0x00000007b3300000,0x00000007b5126590,0x00000007b5300000)
  to   space 36864K, 0% used [0x00000007b8e80000,0x00000007b8e80000,0x00000007bb280000)
 ParOldGen       total 89088K, used 73098K [0x0000000760000000, 0x0000000765700000, 0x00000007a0000000)
  object space 89088K, 82% used [0x0000000760000000,0x0000000764762a88,0x0000000765700000)
 Metaspace       used 93407K, capacity 97854K, committed 97920K, reserved 1134592K
  class space    used 11878K, capacity 12887K, committed 12928K, reserved 1048576K
Event: 1784.008 GC heap after
Heap after GC invocations=25 (full 3):
 PSYoungGen      total 392704K, used 23796K [0x00000007a0000000, 0x00000007bab80000, 0x00000007c0000000)
  eden space 363008K, 0% used [0x00000007a0000000,0x00000007a0000000,0x00000007b6280000)
  from space 29696K, 80% used [0x00000007b8e80000,0x00000007ba5bd160,0x00000007bab80000)
  to   space 37376K, 0% used [0x00000007b6280000,0x00000007b6280000,0x00000007b8700000)
 ParOldGen       total 89088K, used 73106K [0x0000000760000000, 0x0000000765700000, 0x00000007a0000000)
  object space 89088K, 82% used [0x0000000760000000,0x0000000764764a88,0x0000000765700000)
 Metaspace       used 93407K, capacity 97854K, committed 97920K, reserved 1134592K
  class space    used 11878K, capacity 12887K, committed 12928K, reserved 1048576K
}

